============================================================
🔍 RECURSIVE RESELLER DISCOVERY
============================================================
📍 Base: Louisville, KY 40217
📏 Radius: 100 miles
🔑 API Key: ✅ Set
============================================================
🌱 TIER 1: SEED SEARCHES
============================================================

🔍 Searching (Tier 1): truck parts
  ✅ Found 0 results
  ➕ 0 new businesses (after dedup)

🔍 Searching (Tier 1): semi truck repair
  ✅ Found 0 results
  ➕ 0 new businesses (after dedup)

🔍 Searching (Tier 1): commercial truck dealer
  ✅ Found 0 results
  ➕ 0 new businesses (after dedup)

🔍 Searching (Tier 1): heavy duty parts
  ✅ Found 0 results
  ➕ 0 new businesses (after dedup)

🔍 Searching (Tier 1): diesel repair
  ✅ Found 0 results
  ➕ 0 new businesses (after dedup)

🔍 Searching (Tier 1): trailer repair
  ✅ Found 0 results
  ➕ 0 new businesses (after dedup)

🔍 Searching (Tier 1): truck service
  ✅ Found 0 results
  ➕ 0 new businesses (after dedup)

🔍 Searching (Tier 1): fleet maintenance
  ✅ Found 0 results
  ➕ 0 new businesses (after dedup)

🔍 Searching (Tier 1): Class 6 truck parts
  ✅ Found 0 results
  ➕ 0 new businesses (after dedup)

🔍 Searching (Tier 1): Class 7 truck parts
  ✅ Found 0 results
  ➕ 0 new businesses (after dedup)

🔍 Searching (Tier 1): Class 8 truck parts
  ✅ Found 0 results
  ➕ 0 new businesses (after dedup)

🔍 Searching (Tier 1): vocational truck parts
  ✅ Found 0 results
  ➕ 0 new businesses (after dedup)

🔍 Searching (Tier 1): municipal truck parts
  ✅ Found 0 results
  ➕ 0 new businesses (after dedup)

🔍 Searching (Tier 1): commercial vehicle parts
  ✅ Found 0 results
  ➕ 0 new businesses (after dedup)

🔍 Searching (Tier 1): heavy equipment parts
  ✅ Found 0 results
  ➕ 0 new businesses (after dedup)

🔍 Searching (Tier 1): diesel engine parts
  ✅ Found 0 results
  ➕ 0 new businesses (after dedup)

🔍 Searching (Tier 1): truck component distributor
  ✅ Found 0 results
  ➕ 0 new businesses (after dedup)

🔍 Searching (Tier 1): truck parts distributor
  ✅ Found 0 results
  ➕ 0 new businesses (after dedup)

🔍 Searching (Tier 1): truck parts wholesaler
  ✅ Found 0 results
  ➕ 0 new businesses (after dedup)

🔍 Searching (Tier 1): truck parts warehouse
  ✅ Found 0 results
  ➕ 0 new businesses (after dedup)

🔍 Searching (Tier 1): fleet parts supplier
  ✅ Found 0 results
  ➕ 0 new businesses (after dedup)

🔍 Searching (Tier 1): commercial parts broker
  ✅ Found 0 results
  ➕ 0 new businesses (after dedup)

🔍 Searching (Tier 1): diesel engine rebuilder
  ✅ Found 0 results
  ➕ 0 new businesses (after dedup)

🔍 Searching (Tier 1): transmission rebuilder
  ✅ Found 0 results
  ➕ 0 new businesses (after dedup)

🔍 Searching (Tier 1): turbocharger rebuilder
  ✅ Found 0 results
  ➕ 0 new businesses (after dedup)

🔍 Searching (Tier 1): truck parts remanufacturer
  ✅ Found 0 results
  ➕ 0 new businesses (after dedup)

🔍 Searching (Tier 1): Freightliner parts
  ✅ Found 0 results
  ➕ 0 new businesses (after dedup)

🔍 Searching (Tier 1): Peterbilt parts
  ✅ Found 0 results
  ➕ 0 new businesses (after dedup)

🔍 Searching (Tier 1): Kenworth parts
  ✅ Found 0 results
  ➕ 0 new businesses (after dedup)

🔍 Searching (Tier 1): International truck parts
  ✅ Found 0 results
  ➕ 0 new businesses (after dedup)

🔍 Searching (Tier 1): Volvo truck parts
  ✅ Found 0 results
  ➕ 0 new businesses (after dedup)

🔍 Searching (Tier 1): Mack truck parts
  ✅ Found 0 results
  ➕ 0 new businesses (after dedup)

🔍 Searching (Tier 1): Western Star parts
  ✅ Found 0 results
  ➕ 0 new businesses (after dedup)

🔍 Searching (Tier 1): Cummins parts distributor
  ✅ Found 0 results
  ➕ 0 new businesses (after dedup)

🔍 Searching (Tier 1): Detroit Diesel parts
  ✅ Found 0 results
  ➕ 0 new businesses (after dedup)

🔍 Searching (Tier 1): Caterpillar diesel parts
  ✅ Found 0 results
  ➕ 0 new businesses (after dedup)

🔍 Searching (Tier 1): Eaton transmission parts
  ✅ Found 0 results
  ➕ 0 new businesses (after dedup)

🔍 Searching (Tier 1): Meritor parts
  ✅ Found 0 results
  ➕ 0 new businesses (after dedup)

🔍 Searching (Tier 1): Bendix brake parts
  ✅ Found 0 results
  ➕ 0 new businesses (after dedup)

🔍 Searching (Tier 1): Allison transmission parts
  ✅ Found 0 results
  ➕ 0 new businesses (after dedup)

🔍 Searching (Tier 1): mobile truck repair
  ✅ Found 0 results
  ➕ 0 new businesses (after dedup)

🔍 Searching (Tier 1): fleet repair service
  ✅ Found 0 results
  ➕ 0 new businesses (after dedup)

🔍 Searching (Tier 1): DOT inspection station
  ✅ Found 0 results
  ➕ 0 new businesses (after dedup)

🔍 Searching (Tier 1): diesel truck service
  ✅ Found 0 results
  ➕ 0 new businesses (after dedup)

🔍 Searching (Tier 1): refuse truck parts
  ✅ Found 0 results
  ➕ 0 new businesses (after dedup)

🔍 Searching (Tier 1): dump truck parts
  ✅ Found 0 results
  ➕ 0 new businesses (after dedup)

🔍 Searching (Tier 1): tanker truck parts
  ✅ Found 0 results
  ➕ 0 new businesses (after dedup)

🔍 Searching (Tier 1): tow truck parts
  ✅ Found 0 results
  ➕ 0 new businesses (after dedup)

🔍 Searching (Tier 1): municipal fleet parts
  ✅ Found 0 results
  ➕ 0 new businesses (after dedup)

✅ Tier 1 complete: 49 searches, 0 new businesses

============================================================
🔄 TIER 2: SECOND-ORDER EXPANSION
============================================================
📊 Generated 45 second-order search terms

🔍 Searching (Tier 2): International repair Louisville
  ✅ Found 0 results
  ➕ 0 new businesses (after dedup)
⏹️  Diminishing returns, stopping Tier 2

✅ Tier 2 complete: 0 new businesses added

============================================================
✅ RECURSIVE DISCOVERY COMPLETE
============================================================

📊 Discovery Statistics:
  Total searches: 50
  New businesses found: 0
  Duplicates filtered: 0
  API calls: 50
  API cost: $1.60

📚 Database Statistics:
  Total companies: 25,721
  With Google Place ID: 350

📍 Coverage:
  Radius: 100 miles from Louisville 40217
  Geographic area: ~31,415 square miles
